@ARTICLE{Abazajian2003,
@ARTICLE{Abazajian2004,
@ARTICLE{Abazajian2005,
@ARTICLE{DR3,
@ARTICLE{Abazajian2008,
@ARTICLE{DR7,
@ARTICLE{Abazajian2009,
@ARTICLE{Abbott2019,
@ARTICLE{Abbott2017,
@ARTICLE{GW170817,
@ARTICLE{Abbott2017_ApJ,
@ARTICLE{GW170817_multi,
@ARTICLE{Abbott2017_Nature,
@ARTICLE{GW170817_H0,
@ARTICLE{Abbott2016,
@ARTICLE{Abell1959,
@ARTICLE{Abolfathi2018,
@ARTICLE{DR14,
@ARTICLE{Abramowicz2013,
@ARTICLE{Abramowicz2002,
@ARTICLE{Abramowicz1995,
@ARTICLE{Abramowicz1988,
@ARTICLE{Abramowicz1980,
@ARTICLE{Abramowicz1978,
@ARTICLE{Adelberger2005,
@ARTICLE{Adelberger2005b,
@ARTICLE{Adelberger2005c,
@ARTICLE{DR4, 
@ARTICLE{Adelman-McCarthy2006,
@ARTICLE{Adelman-McCarthy2007,
@ARTICLE{Adelman-McCarthy2008,
@ARTICLE{DR6,
@ARTICLE{Afshordi_Paczynski2003, 
@ARTICLE{Agarwal2016,
@ARTICLE{Agol_Krolik2000,
@ARTICLE{Ahn2013,
@ARTICLE{DR2010,
@ARTICLE{DR9,
@ARTICLE{Ahn2012,
@ARTICLE{Aihara2018b,
@ARTICLE{Aihara2018a, 
@ARTICLE{Aihara2017,
@ARTICLE{Aihara2011,
@ARTICLE{Aihara2011,
@ARTICLE{DR8,
@ARTICLE{Aird2012,
@ARTICLE{Aird2010,
@ARTICLE{Aird2008,
@ARTICLE{Alam2015,
@ARTICLE{DR2013, 
@ARTICLE{DR2012,
@ARTICLE{DR2011,
@ARTICLE{EDR,
@ARTICLE{Albrecht2006,
@ARTICLE{AlexanderNatarajan2014,
@ARTICLE{Alexander2008,
@ARTICLE{AlexanderHickox2012,
@ARTICLE{Alexander_Hickox2012,
@ARTICLE{Alexander2003,
@ARTICLE{Alexandroff2017,
@ARTICLE{Alexandroff2013,
@ARTICLE{Alcock2000,
@ARTICLE{Alcock1996,
@ARTICLE{AP79,
@ARTICLE{Allen2011,
@ARTICLE{Alloin1985, 
@ARTICLE{Alonso-Herrero2006,
@ARTICLE{Anderson2014_BAO,
@ARTICLE{Anderson2014_2D,
@ARTICLE{Anderson2012,
@ARTICLE{Anderson2007,
@ARTICLE{Anderson2003,
@ARTICLE{Andreon2005,
@ARTICLE{Angles-Alcazar2017_Letter,
@ARTICLE{Angles-Alcazar2017,
@ARTICLE{Angles-Alcazar2017b,
@ARTICLE{Angles-Alcazar2017a,
@ARTICLE{Angles-Alcazar2015,
@ARTICLE{Angles-Alcazar2014,
@ARTICLE{Angles-Alcazar2013, 
@ARTICLE{Angulo2005,
@ARTICLE{Angulo2007,
@ARTICLE{Annis2011,
@ARTICLE{Antonucci2018,
@ARTICLE{Antonucci1993,
@ARTICLE{Antonucci1985,
@ARTICLE{Antonucci_Miller1985,
@ARTICLE{Appenzeller1998,
@ARTICLE{Appleton2004,
@ARTICLE{Appleton2005,
@ARTICLE{Aretxaga1999,
@ARTICLE{Arnaboldi2010,
@ARTICLE{Arp70, 
@ARTICLE{Ashby2013,
@ARTICLE{Assef2018, 
@ARTICLE{Assef2017,
@ARTICLE{Assef2016,
@ARTICLE{Assef2015,
@ARTICLE{Assef2014, 
@ARTICLE{Assef2013,
@ARTICLE{Assef2012,
@ARTICLE{Assef2011,
@ARTICLE{Assef2010,
@ARTICLE{AstropyCollaboration2018,
@ARTICLE{Astropy2018,
@ARTICLE{AstropyCollaboration2013, 
@ARTICLE{Astropy2013,
@ARTICLE{Aubourg2014,
@ARTICLE{Babbedge2006,
@ARTICLE{Bae2016,
@ARTICLE{Baes2003,
@ARTICLE{Bailey2005,
@ARTICLE{Bahcall1997,
@ARTICLE{Balbus_Hawley1991,
@ARTICLE{Baldry2004,
@ARTICLE{Baldry2006,
@ARTICLE{Ball2007,
@ARTICLE{Ballinger1995,
@ARTICLE{Ballinger1996,
@ARTICLE{Baldwin2004,
@ARTICLE{Baldwin1996,
@ARTICLE{BPT,
@ARTICLE{Baldwin1977,
@ARTICLE{Ballantyne2006,
@ARTICLE{Bamford2008,
@ARTICLE{Banados2018b,
@ARTICLE{Banados2018a,
@ARTICLE{Banados2016,
@ARTICLE{Banados2015_Letter,
@ARTICLE{Banados2015b,
@ARTICLE{Banados2015a,
@ARTICLE{Banados2014,
@ARTICLE{Banados2013,
@ARTICLE{Banerji2014,
@ARTICLE{Banerji2013,
@ARTICLE{Barbary2009,
@ARTICLE{Barenboim2010,
@ARTICLE{Barkhouse2001,
@ARTICLE{Barger2005, 
@ARTICLE{BargerCowie2005,
@ARTICLE{Barger2003b,
@ARTICLE{Barger2003a,
@ARTICLE{Basilakos2008,
@ARTICLE{Basilakos2005,
@ARTICLE{Basilakos2004,
@ARTICLE{Baskin_Laor2018,
@ARTICLE{Baugh1993,
@ARTICLE{Baugh2005,
@ARTICLE{Bautista2017,
@ARTICLE{Becker2015, 
@ARTICLE{Becker1995,
@ARTICLE{Beelen2004,
@ARTICLE{Begelman1984,
@ARTICLE{Begelman1983, 
@ARTICLE{Begelman1980,
@ARTICLE{Bell2003_SFRs,
@ARTICLE{Bell2003,
@ARTICLE{Bell2004a,
@ARTICLE{Bell2004b,
@ARTICLE{Bell2008,
@ARTICLE{Belloni220000, 
@ARTICLE{Belloni1997,
@ARTICLE{Belokurov2006,
@ARTICLE{Bennert2011,
@ARTICLE{Bennett2003,
@ARTICLE{Best2018,
@ARTICLE{Beutler2012,
@ARTICLE{Bian2012,
@ARTICLE{Bian2008,
@ARTICLE{Bianchi2008,
@ARTICLE{Bieri2017,
@ARTICLE{Bilicki2016,
@ARTICLE{Bischetti2017,
@ARTICLE{Bielby2007,
@ARTICLE{Blain2013,
@ARTICLE{BlakeGlazebrook2003,
@ARTICLE{Blake2007,
@ARTICLE{Blandford1982,
@ARTICLE{Blandford79,
@ARTICLE{Blandford77,
@ARTICLE{Blanton2017, 
@ARTICLE{Blanton2006,
@ARTICLE{Blanton2005,
@ARTICLE{Blanton2003,
@ARTICLE{Blanton1999,
@ARTICLE{Bloom2009,
@ARTICLE{Boesgaard1985,
@ARTICLE{Bohlin_Gilliland2004,
@ARTICLE{Boller2016,
@ARTICLE{Bolton2012,
@ARTICLE{Bond_Efstathiou1984,
@ARTICLE{BondEfstathiou1984,
@ARTICLE{Bond_Efstathiou1987,
@ARTICLE{Bondi1952,
@ARTICLE{Bondi_Hoyle1944,
@ARTICLE{Bonfield2011,
@ARTICLE{Bongiorno2012,
@ARTICLE{Bongiorno2007,
@ARTICLE{Bonoli2009,
@ARTICLE{Bonoli2008,
@ARTICLE{Bosman2017,
@ARTICLE{Booth2011,
@ARTICLE{Booth2010,
@ARTICLE{Booth2009,
@ARTICLE{Booth_Schaye2009,
@ARTICLE{Bourne2011,
@ARTICLE{Bouwens2010,
@ARTICLE{Bovy2011,
@ARTICLE{Bovy2009,
@ARTICLE{Bower2017,
@ARTICLE{Bower2006,
@ARTICLE{Boyle1988,
@ARTICLE{Boyle119998,
@ARTICLE{Boyle2000,
@ARTICLE{Bramich2008,
@ARTICLE{Brand2008,
@ARTICLE{Brand2007,
@ARTICLE{Brand2006,
@ARTICLE{Brandt2005,
@ARTICLE{Brandt_Hasinger2005,
@ARTICLE{Brightman2012,
@ARTICLE{Brotherton2002,
@ARTICLE{Brotherton1999,
@ARTICLE{Brotherton1994,
@ARTICLE{Brown2016, 
@ARTICLE{Brown2014b,
@ARTICLE{Brown2014a,
@ARTICLE{Brown2007Erratum,
@ARTICLE{Brown2006a,
@ARTICLE{Brown2006b,
@ARTICLE{Bruce2012,
@ARTICLE{Brusa2009,
@ARTICLE{BC2003,
@ARTICLE{Buchner2015,
@ARTICLE{Buchner2014,
@ARTICLE{Burbidge67,
@ARTICLE{Burles1999,
@ARTICLE{Busca2013,
@ARTICLE{Bussmann2009,
@ARTICLE{Bussmann2009b,
@ARTICLE{Butler2012,
@ARTICLE{Butler2011,
@ARTICLE{Cackett2007,
@ARTICLE{Calcino2018,
@ARTICLE{Calderone2017,
@ARTICLE{Cales2013,
@ARTICLE{Calhau2018,
@ARTICLE{Calhau2017,
@ARTICLE{Calura2014, 
@ARTICLE{Canalizo_Stockton2001,
@ARTICLE{Cannizzo1998b,
@ARTICLE{Cannizzo1998, 
@ARTICLE{Cannon2006,
@ARTICLE{Cannon2006b,
@ARTICLE{Cannon2006AAO,
@ARTICLE{Cannon1975, 
@ARTICLE{CanoDiaz2012,
@ARTICLE{Cao2003,
@ARTICLE{CaoOrjales2012,
@ARTICLE{Capellupo2016,
@ARTICLE{Capellupo2013,
@ARTICLE{Capellupo2012,
@ARTICLE{Capellupo2011,
@ARTICLE{Cardamone2009,
@ARTICLE{Cardelli11199989,
@ARTICLE{Carilli2010,
@ARTICLE{Carilli2007,
@ARTICLE{Carilli_Walter2013,
@ARTICLE{Carnall2015,
@ARTICLE{Carroll1992,
@ARTICLE{Casali2007,
@ARTICLE{Casey2014,
@ARTICLE{Cattaneo2009,
@ARTICLE{Chambers2016,
@ARTICLE{Chen2017,
@ARTICLE{Chiu2007,
@ARTICLE{Cicone2014,
@ARTICLE{Cielo2014,
@ARTICLE{Ciotti2010,
@ARTICLE{Civano2011,
@ARTICLE{Clavel1991,
@ARTICLE{Clesse2017,
@ARTICLE{Coatman2017,
@ARTICLE{Coatman2016,
@ARTICLE{Coil2004,
@ARTICLE{Coil2006,
@ARTICLE{Coil2007,
@ARTICLE{Coil2008,
@ARTICLE{Cole119994,
@ARTICLE{Cole2000,
@ARTICLE{Cole2001,
@ARTICLE{Cole2005,
@ARTICLE{Coles2007,
@ARTICLE{Colin1999,
@ARTICLE{Colless2001,
@ARTICLE{Colless2003,
@ARTICLE{Collinge2005,
@ARTICLE{Collister2007,
@ARTICLE{Comastri119995,
@ARTICLE{Comerford2009,
@ARTICLE{Comerford2002,
@ARTICLE{Constantin2006,
@ARTICLE{Constantin2003,
@ARTICLE{Cool2006, 
@ARTICLE{Corbin1991,
@ARTICLE{Costa2014,
@ARTICLE{Corral2011,
@ARTICLE{CW2013,
@ARTICLE{CW2012,
@ARTICLE{Corbin1990,
@ARTICLE{Cowie2003,
@ARTICLE{Cowie1996,
@ARTICLE{Crain2015,
@ARTICLE{Cristiani2004,
@ARTICLE{CV1990,
@ARTICLE{Croft119998,
@ARTICLE{Croft2002,
@ARTICLE{Croom2009a,
@ARTICLE{Croom2009b,
@ARTICLE{Croom2008,
@ARTICLE{Croom2005,
@ARTICLE{Croom2004, 
@ARTICLE{Croom2004_hosts,
@ARTICLE{Croom2002,
@ARTICLE{Croom2001KX,
@ARTICLE{Croom2001,
@ARTICLE{Croom1996,
@ARTICLE{Cross2012,
@ARTICLE{VSA,
@ARTICLE{Cross2009,
@ARTICLE{Croton2009,
@ARTICLE{Croton2006, 
@ARTICLE{CurtisSijacki2016b,
@ARTICLE{CurtisSijacki2016a, 
@ARTICLE{CurtisSijacki2015,
@ARTICLE{Curtis1920,
@ARTICLE{Cushing2006,
@ARTICLE{daAngela2005,
@ARTICLE{daAngela2008,
@ARTICLE{daAngelathesis,
@ARTICLE{DAbrusco2009,
@ARTICLE{Daddi2004,
@ARTICLE{Daddi2000,
@ARTICLE{Dai2012, 
@ARTICLE{DES2016,
@ARTICLE{Dave2017,
@ARTICLE{Davis1983,
@ARTICLE{Dave2017b, 
@ARTICLE{Dave2017a, 
@ARTICLE{Dave2016,
@ARTICLE{Dawson2016, 
@ARTICLE{Dawson2013,
@ARTICLE{Dawson2012,
@ARTICLE{deBernardis2000,
@ARTICLE{Decarli2010,
@ARTICLE{Dekel1999,
@ARTICLE{delaTorre2011,
@ARTICLE{Delubac2015,
@ARTICLE{DeLucia2007,
@ARTICLE{DeLucia2006,
@ARTICLE{DeGraf2012,
@ARTICLE{DeGraf2012_Letter, 
@ARTICLE{Degraf2011,
@ARTICLE{Degraf2010,
@ARTICLE{delaTorre2013,
@ARTICLE{delaTorre2012,
@ARTICLE{Deng2008,
@ARTICLE{Denney2016,
@ARTICLE{Denney2014,
@ARTICLE{DeRosa2011,
@ARTICLE{Desai2009,
@ARTICLE{Desai2008,
@ARTICLE{Devereux2009,
@ARTICLE{DexterAgol2011,
@ARTICLE{Dey2018,
@ARTICLE{Dey2008,
@ARTICLE{DPRW65,
@ARTICLE{Diamond-Stanic2010,
@ARTICLE{Diaz-Santos2016,
@ARTICLE{Dietrich2002,
@ARTICLE{DiMatteo2012,
@ARTICLE{DiMatteo2011,
@ARTICLE{DiMatteo2008,
@ARTICLE{DiMatteo2005,
@ARTICLE{DiMatteo2003,
@ARTICLE{Dimitrijevic1992,
@ARTICLE{DiPompeo2014,
@ARTICLE{Dole2006,
@ARTICLE{Disney119995,
@ARTICLE{Donley2012,
@ARTICLE{Donley2008,
@ARTICLE{Donley2007,
@ARTICLE{Donley2005,
@ARTICLE{Donoso2014, 
@ARTICLE{Douglas2007,
@ARTICLE{Draine_Li2007,
@ARTICLE{Draine2003,
@ARTICLE{Drake2009, 
@ARTICLE{VPHAS,
@ARTICLE{Drinkwater2010,
@ARTICLE{Drinkwater2006AAO,
@ARTICLE{Drory2003,
@ARTICLE{Dunlop2003,
@ARTICLE{duMasdesBourboux2017,
@ARTICLE{Dupuy_Liu2012,
@ARTICLE{Duras2017,
@ARTICLE{Dwek119998,
@ARTICLE{Dye2018,
@ARTICLE{Dye2006,
@ARTICLE{Dyer2019, 
@ARTICLE{Eales2010,
@ARTICLE{Ebrero2009,
@ARTICLE{Edgar2004, 
@ARTICLE{Edge2013,
@ARTICLE{Efstathiou1995,
@ARTICLE{Efstathiou1982,
@ARTICLE{Einstein2016,
@ARTICLE{Eisenhardt2012,
@ARTICLE{EisensteinHu119998,
@ARTICLE{Eisenstein119998,
@ARTICLE{Eisenstein2001,
@ARTICLE{Eisenstein2003,
@ARTICLE{Eisenstein2005a,
@ARTICLE{Eisenstein2005,
@ARTICLE{Eisenstein2011,
@ARTICLE{Eggen62,
@ARTICLE{Eke2004,
@ARTICLE{Elgaroy2002,
@ARTICLE{Elitzur2014,
@ARTICLE{Elitzur2012,
@ARTICLE{Elitzur2009,
@ARTICLE{Elitzur2008,
@ARTICLE{Elitzur2006,
@ARTICLE{Elvis2000,
@ARTICLE{Elvis1994,
@ARTICLE{Emerson2010,
@ARTICLE{Emerson2006,
@ARTICLE{Emerson2004,
@ARTICLE{Emsellem2015,
@ARTICLE{Eracleous2001,
@ARTICLE{EracleousHalpern2001,
@ARTICLE{Eracleous1997,
@ARTICLE{Espey1989,
@ARTICLE{Espey1990Erratum, 
@ARTICLE{Evrard2002,
@ARTICLE{Fabian2012,
@ARTICLE{Fadda2006,
@ARTICLE{Fan2019,
@ARTICLE{Fan2018,
@ARTICLE{Fan2006review,
@ARTICLE{Fan2006,
@ARTICLE{Fan2004,
@ARTICLE{Fan2003, 
@ARTICLE{Fan2001c,
@ARTICLE{Fan2001b,
@ARTICLE{Fan2001a,
@ARTICLE{Fan2000,
@ARTICLE{Fan1999,
@ARTICLE{Fang2014,
@ARTICLE{Fanidakis2013b,
@ARTICLE{Fanidakis2013a,
@ARTICLE{Fanidakis2012,
@ARTICLE{Fanidakis2011,
@ARTICLE{Fanidakis2010,
@ARTICLE{Farrah2017,
@ARTICLE{Farrah2007,
@ARTICLE{Farrah2006,
@ARTICLE{Farrah2006Erratum,
@ARTICLE{FaucherGiguere2012,
@ARTICLE{Fazio2004,
@ARTICLE{FKP1994,
@ARTICLE{Felten76,
@ARTICLE{Ferrarese2002, 
@ARTICLE{FerrareseMerritt2000,
@ARTICLE{Ferrarese2000,
@ARTICLE{FilizAk2013,
@ARTICLE{FilizAk2012,
@ARTICLE{Fine2006,
@ARTICLE{Fiore2012,
@ARTICLE{Fiore2011,
@ARTICLE{Fiore2003,
@ARTICLE{Fisher119994,
@ARTICLE{Fixsen119998,
@ARTICLE{Flaugher2015,
@ARTICLE{DECam,
@ARTICLE{Flaugher2005,
@ARTICLE{Flesch2015,
@ARTICLE{Flewelling2016,
@ARTICLE{Floyd2013,
@ARTICLE{Floyd2010,
@ARTICLE{Floyd2008,
@ARTICLE{Floyd2004,
@ARTICLE{Fontanot2007,
@ARTICLE{Font-Ribera2014,
@ARTICLE{Font-Ribera2013,
@ARTICLE{Font-Ribera2012,
@ARTICLE{Ford2018,
@ARTICLE{Fotopoulou2016,
@ARTICLE{Foucaud2007,
@ARTICLE{Francis1991, 
@ARTICLE{Francis2004,
@ARTICLE{Francke2008,
@ARTICLE{Freese_Lewis2002,
@ARTICLE{Friedmann22,
@ARTICLE{Frieman2008,
@ARTICLE{Frith2004,
@ARTICLE{Fry1996,
@ARTICLE{Fu2013,
@ARTICLE{Fukugita1996,
@ARTICLE{Fukugita2004,
@ARTICLE{Fukugita_Peebles2004,
@ARTICLE{Fynbo2013,
@ARTICLE{Gaia2016a,
@ARTICLE{Gaia2016b,
@ARTICLE{Gaibler2012, 
@ARTICLE{Gallerani2010,
@ARTICLE{Gammie1999, 
@ARTICLE{Gardner_Done2017, 
@ARTICLE{Gardner1997,
@ARTICLE{Gaskell1982,
@ARTICLE{Gaspari2013,
@ARTICLE{Ge2016,
@ARTICLE{Gebhardt2000,
@ARTICLE{Genel2014,
@ARTICLE{Georgakakis2015,
@ARTICLE{Gerke2007,
@ARTICLE{Gezari2017, 
@ARTICLE{Gibson2009,
@ARTICLE{Gilli2011,
@ARTICLE{Gilli2008,
@ARTICLE{Gilli2007,
@ARTICLE{Gilli2005,
@ARTICLE{Gilli2003,
@ARTICLE{Gilli2001,
@ARTICLE{Glazebrook119995,
@ARTICLE{Glazebrook2007,
@ARTICLE{Glikman2018lens,
@ARTICLE{Glikman2018,
@ARTICLE{Glikman2015,
@ARTICLE{Glikman2013,
@ARTICLE{Glikman2012,
@ARTICLE{Glikman2011,
@ARTICLE{Glikman2010,
@ARTICLE{Glikman2008,
@ARTICLE{Glikman2007,
@ARTICLE{Glikman2006,
@ARTICLE{Glikman2004,
@ARTICLE{GonzalezFernandez2018,
@ARTICLE{Goodrich119995,
@ARTICLE{Gordon2003,
@ARTICLE{Gordon119998,
@ARTICLE{Gordon119997,
@ARTICLE{Goto2007,
@ARTICLE{Goto2006, 
@ARTICLE{Graham2019,
@ARTICLE{Graham2001,
@ARTICLE{Green119995, 
@ARTICLE{Greene2014,
@ARTICLE{Greene2013,
@ARTICLE{Greene2010,
@ARTICLE{Greenstein63,
@ARTICLE{Gregg2002,
@ARTICLE{Gregory1982,
@ARTICLE{Grier2019,
@ARTICLE{Grier2015,
@ARTICLE{Groves2006,
@ARTICLE{Gultekin2009,
@ARTICLE{Gunn119998,
@ARTICLE{Gunn2006,
@ARTICLE{Guo2017,
@ARTICLE{Guo2016,
@ARTICLE{Guo2016b,
@ARTICLE{Guo2014,
@ARTICLE{Guo2014_J2003200629,
@ARTICLE{Guzzo2008,
@ARTICLE{Guzzo2007,
@ARTICLE{Haas2004, 
@ARTICLE{Hambly2008,
@ARTICLE{WSA,
@ARTICLE{Hambly2001_II,
@ARTICLE{Hambly2001_I, 
@ARTICLE{Haiman2012,
@ARTICLE{Haiman2001,
@ARTICLE{Hainline2011,
@ARTICLE{Hall2013,
@ARTICLE{Hall2002,
@ARTICLE{Hall2002lens,
@ARTICLE{Hall119997,
@ARTICLE{Hamann2017,
@ARTICLE{Hamann2002,
@ARTICLE{HamannFerland1999,
@ARTICLE{Hameury2009, 
@ARTICLE{Hamilton1992,
@ARTICLE{Hamilton1993,
@ARTICLE{Hamilton2001,
@ARTICLE{Hao2005a,
@ARTICLE{Hao2005b,
@ARTICLE{Hardcastle2013,
@ARTICLE{Hardcastle2010,
@ARTICLE{HaringRix2004, 
@ARTICLE{Harrison2017,
@ARTICLE{Harrison2014,
@ARTICLE{HartwickSchade1990,
@ARTICLE{Hasinger2008,
@ARTICLE{Hasinger2005,
@ARTICLE{Harker2006,
@ARTICLE{Hatton119998,
@ARTICLE{Hatziminaoglou2005,
@ARTICLE{Hauser_Dwek2001,
@ARTICLE{Hawkins2003,
@ARTICLE{Hawkinsthesis,
@ARTICLE{Hawkins2011,
@ARTICLE{Hawkins75,
@ARTICLE{Hazard63,
@ARTICLE{Heavens_Taylor119995,
@ARTICLE{HeckmanBest2014, 
@ARTICLE{Heckman_Best2014, 
@ARTICLE{Heckman2004,
@ARTICLE{Heckman1980,
@ARTICLE{Hemler2019, 
@ARTICLE{Hennawi2010,
@ARTICLE{Hennawi2006,
@ARTICLE{Henry1991,
@ARTICLE{Hewett1993,
@ARTICLE{Hewett119994, 
@ARTICLE{Hewett119995,
@ARTICLE{Hewett2006,
@ARTICLE{Hewett2010,
@ARTICLE{Hickox2017,
@ARTICLE{Hickox2011,
@ARTICLE{Hickox2009,
@ARTICLE{Hickox2007,
@ARTICLE{Hickox2006,
@ARTICLE{Hill2014,
@ARTICLE{Hill1996,
@ARTICLE{Hinshaw2006,
@ARTICLE{Hirschmann2012,
@ARTICLE{Ho2005,
@ARTICLE{Ho1997, 
@ARTICLE{Hodgkin2009,
@ARTICLE{Hogg2002,
@ARTICLE{Hogg2001,
@ARTICLE{Hogg1999,
@ARTICLE{Holtzman11199989,
@ARTICLE{Hopkins_Beacom2006,
@ARTICLE{Hopkins2017,
@ARTICLE{Hopkins2016, 
@ARTICLE{Hopkins2013,
@ARTICLE{Hopkins_Quataert2011,
@ARTICLE{Hopkins2011,
@ARTICLE{Hopkins_Quataert2010, 
@ARTICLE{Hopkins2008b,
@ARTICLE{Hopkins2008a,
@ARTICLE{Hopkins2007,
@ARTICLE{HopkinsBundy2007,
@ARTICLE{HRH2007,
@ARTICLE{Hopkins2006b,
@ARTICLE{Hopkins2006a,
@ARTICLE{Hopkins2005d,
@ARTICLE{Hopkins2005c,
@ARTICLE{Hopkins2005b,
@ARTICLE{Hopkins2005a,
@ARTICLE{Hopkins2004,
@ARTICLE{Howlett2015,
@ARTICLE{Hoylethesis,
@ARTICLE{Hoyle2002,
@ARTICLE{Hoyle_Fowler63,
@ARTICLE{Hoyle_Lyttleton1939,
@ARTICLE{Huang2003,
@ARTICLE{Huarte-Espinosa2011,
@ARTICLE{Hubble1029,
@ARTICLE{Huff2007,
@ARTICLE{Humason56,
@ARTICLE{Hunt2004,
@ARTICLE{Hutchings2006,
@ARTICLE{Hutchings2003,
@ARTICLE{Hviding2018,
@ARTICLE{Hutsemekers2017,
@ARTICLE{Hutsi2006,
@ARTICLE{Ibar2008,
@ARTICLE{Ibata119995,
@ARTICLE{Ibata119997,
@ARTICLE{Ikeda2017,
@ARTICLE{Ikeda2012,
@ARTICLE{Ikeda2011,
@ARTICLE{Iovino11199988,
@ARTICLE{IrwinINTWFS,
@ARTICLE{Ivashchenko2007,
@ARTICLE{Ivezic2008_LSST,
@ARTICLE{Ivezic2008,
@ARTICLE{Ivezic2007,
@ARTICLE{Ivezic2004,
@ARTICLE{Ivezic2002,
@ARTICLE{Ivison2010,
@ARTICLE{Jackson72,
@ARTICLE{Jahnke2011,
@ARTICLE{Jansen2018,
@ARTICLE{Jakobsen1994,
@ARTICLE{Jansen2001,
@ARTICLE{Jarrett2011,
@ARTICLE{Jarrett2000,
@ARTICLE{Jarosik2006,
@ARTICLE{Jarvis2013,
@ARTICLE{Jarvis2005,
@ARTICLE{Jiang2016,
@ARTICLE{Jiang2015, 
@ARTICLE{Jiang2010,
@ARTICLE{Jiang2009,
@ARTICLE{Jiang2008,
@ARTICLE{Jiang2007,
@ARTICLE{Jiang2006dust,
@ARTICLE{Jiang2006,
@ARTICLE{JiangYF2017,
@ARTICLE{JiangYF2016,
@ARTICLE{JiangYF2014,
@ARTICLE{Jing119998,
@ARTICLE{Johnston2012,
@ARTICLE{Johnston2011, 
@ARTICLE{Jones2017,
@ARTICLE{Jones2015,
@ARTICLE{Jones2014,
@ARTICLE{Jun2015b,
@ARTICLE{Jun2015a,
@ARTICLE{Jurek2008,
@ARTICLE{Kaiser11199987,
@ARTICLE{Kaiser11199984,
@ARTICLE{Kalfountzou2014,
@ARTICLE{Kantowski2000,
@ARTICLE{Karouzos2016,
@ARTICLE{Kashikawa2015, 
@ARTICLE{Kauffmann119998,
@ARTICLE{Kauffmann2003,
@ARTICLE{Kawata2005,
@ARTICLE{Keeton2003,
@ARTICLE{Keeton2001,
@ARTICLE{Kellermann11199989,
@ARTICLE{Kelly_Shen2012b,
@ARTICLE{Kelly2008QLF, 
@ARTICLE{Kelly2008,
@ARTICLE{Kennefick2008,
@ARTICLE{Kennefick1995,
@ARTICLE{Kennicutt1998,
@ARTICLE{Kepler2016,
@ARTICLE{Kepler2015,
@ARTICLE{Kerscher2000, 
@ARTICLE{Kewley2006,
@ARTICLE{Kewley2004,
@ARTICLE{Kewley2002,
@ARTICLE{Kewley2001,
@ARTICLE{Khachikian1974,
@ARTICLE{Khachikian_Weedman1974,
@ARTICLE{Khachikyan1971, 
@ARTICLE{Khorunzhev2017,
@ARTICLE{Kim2018,
@ARTICLE{Kim2015, 
@ARTICLE{Kim1996,
@ARTICLE{Kimball2011,
@ARTICLE{King2012,
@ARTICLE{King2009,
@ARTICLE{King2007,
@ARTICLE{KingPounds2015,
@ARTICLE{Kirhakos1999,
@ARTICLE{Kirkpatrick2012,
@ARTICLE{Kirkpatrick2011,
@ARTICLE{Kirkpatrick_JDavy2011,
@ARTICLE{Kishimoto2008,
@ARTICLE{Kocevski2012,
@ARTICLE{Kochanek2001,
@ARTICLE{Kollmeier2006,
@ARTICLE{Komatsu2011,
@ARTICLE{Komatsu2008,
@ARTICLE{Koo11199988,
@ARTICLE{Koptelova2017,
@ARTICLE{Koratkar1999,
@ARTICLE{Koratkar_Blaes1999,
@ARTICLE{KormendyHo2013,
@ARTICLE{Kormendy2011,
@ARTICLE{Kormendy119995,
@ARTICLE{Koshida2014,
@ARTICLE{Kotilainen2013,
@ARTICLE{Koutoulidis2012,
@ARTICLE{Kouzuma2010a,
@ARTICLE{Kouzuma2010b,
@ARTICLE{Kozlowski2019,
@ARTICLE{Kozlowski2017,
@ARTICLE{Kozlowski2016,
@ARTICLE{Kozlowski2011,
@ARTICLE{Kozlowski2010,
@ARTICLE{Kramida2018,
@ARTICLE{Kratzer2015,
@ARTICLE{Kratzer2014,
@ARTICLE{Krawczyk2015,
@ARTICLE{Krawczyk2013,
@ARTICLE{Kriek2007,
@ARTICLE{Krolik1999, 
@ARTICLE{Kukula2001,
@ARTICLE{Kundic119997,
@ARTICLE{Kurk2009,
@ARTICLE{Kurk2007, 
@ARTICLE{Jenkins119998,
@ARTICLE{Jensen2016, 
@ARTICLE{Jester2005,
@ARTICLE{Lacy2013,
@ARTICLE{Lacy2007,
@ARTICLE{Lacy2005,
@ARTICLE{Lacy2004,
@ARTICLE{LaFranca2005,
@ARTICLE{LaFranca2002, 
@ARTICLE{LaFranca119998,
@ARTICLE{Lahav1991,
@ARTICLE{LaMassa2019,
@ARTICLE{LaMassa2017,
@ARTICLE{LaMassa2015,
@ARTICLE{LaMassa2013b,
@ARTICLE{LaMassa2013a,
@ARTICLE{Lambrides2018,
@ARTICLE{Lang2016,
@ARTICLE{Lang2014,
@ARTICLE{LS1993,
@ARTICLE{LS2002,
@ARTICLE{Lang2009,
@ARTICLE{Laor1995, 
@ARTICLE{Larson2011,
@ARTICLE{Latif2018,
@ARTICLE{Law2009,
@ARTICLE{Lawrence2018,
@ARTICLE{Lawrence2016,
@ARTICLE{Lawrence2012,
@ARTICLE{Lawrence2010,
@ARTICLE{Lawrence2007,
@ARTICLE{Lawrence1991,
@ARTICLE{Ledoux2003,
@ARTICLE{LeFevre2005,
@ARTICLE{Lee2006,
@ARTICLE{Lehmer2012,
@ARTICLE{Lehmer2005,
@ARTICLE{KGLee2013,
@ARTICLE{Leighly2004b,
@ARTICLE{Leighly2004a,
@ARTICLE{Leipski2014, 
@ARTICLE{Lewis2002,
@ARTICLE{Li2006a,
@ARTICLE{Li2006b,
@ARTICLE{Lidz2006,
@ARTICLE{Limber53,
@ARTICLE{Limber54,
@ARTICLE{Linder2005,
@ARTICLE{Lintott2008,
@ARTICLE{Liu2013b,
@ARTICLE{Liu2013a,
@ARTICLE{Liu2010,
@ARTICLE{Loh2008,
@ARTICLE{Loh2006,
@ARTICLE{Lonsdale2015,
@ARTICLE{Lonsdale2004,
@ARTICLE{Lonsdale2003,
@ARTICLE{Loveday1996,
@ARTICLE{Loveday2000,
@ARTICLE{Loverde2010,
@ARTICLE{LSST,
@ARTICLE{LSST_ScienceBook, 
@ARTICLE{LSST_ScienceBookV2, 
@ARTICLE{Lu2010,
@ARTICLE{Luo2011,
@ARTICLE{Lupi2016,
@ARTICLE{Luptitudes,
@ARTICLE{Lupton1999,
@ARTICLE{Lusso2017,
@ARTICLE{Lynds71,
@ARTICLE{LyndenBell78,
@ARTICLE{LyndenBell_Rees71,
@ARTICLE{LyndenBell69,
@ARTICLE{MaYan2015,
@ARTICLE{MacLeod2019, 
@ARTICLE{MacLeod2016,
@ARTICLE{MacLeod2014,
@ARTICLE{MacLeod2012,
@ARTICLE{MacLeod2011,
@ARTICLE{MacLeod2010,
@ARTICLE{Madau_Dickinson2014,
@ARTICLE{MadauDickinson2014,
@ARTICLE{MadauHaardtDotti2014,
@ARTICLE{MadauRees2001,
@ARTICLE{Madau1998,
@ARTICLE{Madau1996,
@ARTICLE{Maddox2006,
@ARTICLE{Maddox2012,
@ARTICLE{Maddox2008,
@ARTICLE{Maddox1996,
@ARTICLE{Madgwick2002,
@ARTICLE{Madgwick2003,
@ARTICLE{Magliocchetti2014,
@ARTICLE{Magliocchetti1999,
@ARTICLE{Magnier2016c,
@ARTICLE{Magnier2016b,
@ARTICLE{Magnier2016a,
@ARTICLE{Magnier2013,
@ARTICLE{Magorrian119998,
@ARTICLE{Mahabal2011,
@ARTICLE{Mahabal2005, 
@ARTICLE{Mainzer2014,
@ARTICLE{Mainzer2011,
@ARTICLE{Maiolino2012,
@ARTICLE{Maiolino2008,
@ARTICLE{Maiolino2004,
@ARTICLE{Maiolino2001,
@ARTICLE{Maiolino119995,
@ARTICLE{Malkan_Sargent1982, 
@ARTICLE{Manera2015,
@ARTICLE{Marchesini2012,
@ARTICLE{Marchesini2009,
@ARTICLE{Marchesini2007,
@ARTICLE{Marconi2004,
@ARTICLE{Margala2016,
@ARTICLE{Marin2017,
@ARTICLE{Martin2005,
@ARTICLE{Martinez-Aldama2018,
@ARTICLE{Martinez-Sansigre2009,
@ARTICLE{Martinez-Sansigre2008,
@ARTICLE{Martinez-Sansigre2006AN,
@ARTICLE{Martinez-Sansigre2006,
@ARTICLE{Martinez-Sansigre2005,
@ARTICLE{Martini2001,
@ARTICLE{Martocchia2017,
@ARTICLE{Marulli2008,
@ARTICLE{Marziani2003,
@ARTICLE{Marziani2001,
@ARTICLE{Marziani1996, 
@ARTICLE{Masters2012,
@ARTICLE{Masjedi2006,
@ARTICLE{Mateos2012,
@ARTICLE{Mathur2002,
@ARTICLE{Matsubara2001,
@ARTICLE{Matsubara1996,
@ARTICLE{SHELLQs_IV, 
@ARTICLE{Matsuoka2018b, 
@ARTICLE{SHELLQs_II,
@ARTICLE{Matsuoka2018_PASJ,
@ARTICLE{Matsuoka2018a,
@ARTICLE{Matsuoka2017,
@ARTICLE{Matsuoka2016,
@ARTICLE{Matsuoka2015,
@ARTICLE{MatthewsSandage1963,
@ARTICLE{Matute2006,
@ARTICLE{Mazzucchelli2017,
@ARTICLE{McAlpine2017,
@ARTICLE{McConnell2013,
@ARTICLE{McConnell2011,
@ARTICLE{McCourt2016,
@ARTICLE{McCracken2012,
@ARTICLE{McDonald2007,
@ARTICLE{McDonald2006,
@ARTICLE{McDonald2005,
@ARTICLE{McDonald2000,
@ARTICLE{McGreer2018,
@ARTICLE{McGreer2013,
@ARTICLE{McGreer2010, 
@ARTICLE{McGreer2009,
@ARTICLE{McGreer2006, 
@ARTICLE{McIntosh1999,
@ARTICLE{McKernan2018,
@ARTICLE{McKernan2014,
@ARTICLE{McLeod2009,
@ARTICLE{McLure2008,
@ARTICLE{McLure2006,
@ARTICLE{McLure2006_NewAR,
@ARTICLE{McLure2004,
@ARTICLE{McLure_Jarvis2002,
@ARTICLE{McLure_Dunlop2002,
@ARTICLE{McLure2001,
@ARTICLE{McLure1999,
@ARTICLE{McQuinn2013,
@ARTICLE{McQuinn2011,
@ARTICLE{Meiksin2009,
@ARTICLE{Meiksin1999,
@ARTICLE{Meisner2018b, 
@ARTICLE{Meisner2018a,
@ARTICLE{Meisner2017c,
@ARTICLE{Meisner2017b,
@ARTICLE{Meisner2017a,
@ARTICLE{Meisner2016,
@ARTICLE{Mejia-Restrepo2018,
@ARTICLE{Melbourne2012,
@ARTICLE{Melbourne2009,
@ARTICLE{Melbourne2008,
@ARTICLE{Meneux2006,
@ARTICLE{Merloni2014, 
@ARTICLE{Merloni2013,
@ARTICLE{Merloni2012,
@ARTICLE{Metcalfe2001,
@ARTICLE{Metcalfe2006,
@ARTICLE{Meyer2019,
@ARTICLE{Miller2017,
@ARTICLE{Miller2003,
@ARTICLE{Minchin2005,
@ARTICLE{Miyaji2007,
@ARTICLE{Miyaji2001,
@ARTICLE{Miyaji2000,
@ARTICLE{Miyazaki2018,
@ARTICLE{Mobasher1993,
@ARTICLE{Morgan2012,
@ARTICLE{Morgan2010,
@ARTICLE{Morganson2012, 
@ARTICLE{Morrissey2007,
@ARTICLE{Morrissey2005,
@ARTICLE{Mortlock2012,
@ARTICLE{Mortlock2011, 
@ARTICLE{Mortlock2009,
@ARTICLE{Mortlock2008a,
@ARTICLE{Moscardini119998,
@ARTICLE{Mosquera2011,
@ARTICLE{Mostek2013,
@ARTICLE{Mostek2012,
@ARTICLE{Mountrichas2007,
@ARTICLE{Moustakas2006,
@ARTICLE{Mullaney2013,
@ARTICLE{Mullaney2012_Letter,
@ARTICLE{Mullaney2012,
@ARTICLE{Mullaney2011,
@ARTICLE{Mullaney2008,
@ARTICLE{Murray1995,
@ARTICLE{Myers2015,
@ARTICLE{Myers2009,
@ARTICLE{Myers2008,
@ARTICLE{Myers2007b,
@ARTICLE{Myers2007a,
@ARTICLE{Myers2006,
@ARTICLE{Myers2005,
@ARTICLE{Myers2003,
@ARTICLE{NaabOstriker2017,
@ARTICLE{Nagakura2008,
@ARTICLE{Nakos2009,
@ARTICLE{Nandi2014,
@ARTICLE{Nandra2005,
@ARTICLE{Narayan1997,
@ARTICLE{Nazarova2003,
@ARTICLE{Negrello2006,
@ARTICLE{Nemmen2010,
@ARTICLE{Nemmen2006,
@ARTICLE{Netterfield2002,
@ARTICLE{Netzer2015,
@ARTICLE{Netzer2014,
@ARTICLE{Netzer2007,
@ARTICLE{Neugebauer11199987,
@ARTICLE{NodaDone2018,
@ARTICLE{Norberg2008,
@ARTICLE{Norberg2002a,
@ARTICLE{Norberg2002b,
@ARTICLE{Norman2009,
@ARTICLE{Norman2009LyAF,
@ARTICLE{Norman2002,
@ARTICLE{Novak2013,
@ARTICLE{Novak2011,
@ARTICLE{Nugent2002,
@ARTICLE{Oke1995,
@ARTICLE{Oke_Gunn1983,
@ARTICLE{Oke_Sandage68,
@ARTICLE{Oke63,
@ARTICLE{Ofek2007,
@ARTICLE{Oliver2012,
@ARTICLE{Osmer1994,
@ARTICLE{Osmer1982,
@ARTICLE{Osmer11199981,
@ARTICLE{Overzier2003,
@ARTICLE{Outram2001,
@ARTICLE{Outram2004,
@ARTICLE{Pacucci2019,
@ARTICLE{Paczynski1986,
@ARTICLE{Padmanabhan2005,
@ARTICLE{Padmanabhan2006,
@ARTICLE{Padmanabhan2007,
@ARTICLE{Padmanabhan2007a,
@ARTICLE{Padmanabhan2008,
@ARTICLE{Padmanabhan2008a,
@ARTICLE{Padovani2017,
@ARTICLE{Padovani2003,
@ARTICLE{Page2012,
@ARTICLE{Page2006,
@ARTICLE{Page2000,
@ARTICLE{Page1997,
@ARTICLE{Palanque-Delabrouille2015,
@ARTICLE{Palanque-Delabrouille2013,
@ARTICLE{Palanque-Delabrouille2012,
@ARTICLE{Palanque-Delabrouille2011,
@ARTICLE{Palanque-Delabrouille2010,
@ARTICLE{Papadopoulos2008,
@ARTICLE{Papovich2016,
@ARTICLE{Parkinson2007,
@ARTICLE{Paris2018,
@ARTICLE{Paris2017,
@ARTICLE{Paris2014,
@ARTICLE{Paris2013,
@ARTICLE{Paris2012,
@ARTICLE{Payandeh2011,
@ARTICLE{Peacock2001,
@ARTICLE{Peebles11199984,
@ARTICLE{Peebles73,
@ARTICLE{PeeblesYu70,
@ARTICLE{Pei119995,
@ARTICLE{Pei1992,
@ARTICLE{Peng2010,
@ARTICLE{Peng2006,
@ARTICLE{Peng2002,
@ARTICLE{PenstonPerez1984,
@ARTICLE{Perrotta2019,
@ARTICLE{Petitjean2012,
@ARTICLE{Pentericci2003,
@ARTICLE{PW65,
@ARTICLE{Percival2001,
@ARTICLE{Percival2002,
@ARTICLE{Percival2006a,
@ARTICLE{Percival2006b,
@ARTICLE{Percival2007a,
@ARTICLE{Percival2007b,
@ARTICLE{Percival2008,
@ARTICLE{Pereyra2006,
@ARTICLE{Perlmutter1999,
@ARTICLE{Peth2011,
@ARTICLE{Peters2015,
@ARTICLE{Peterson2004,
@ARTICLE{Peterson1993,
@ARTICLE{Pezzulli2017,
@ARTICLE{Pezzulli2016,
@ARTICLE{Phillipps78,
@ARTICLE{Phleps2006,
@ARTICLE{Pier1993,
@ARTICLE{Pier2003, 
@ARTICLE{Pilbratt2010,
@ARTICLE{Pillepich2018,
@ARTICLE{Pillepich2017,
@ARTICLE{Planck2018,
@ARTICLE{Planck2016,
@ARTICLE{Plionis2008,
@ARTICLE{Pogge2000, 
@ARTICLE{PoggePeterson1992,
@ARTICLE{Polletta2008,
@ARTICLE{Pollo2005,
@ARTICLE{Pooley2007,
@ARTICLE{Pope2008,
@ARTICLE{PMN2004,
@ARTICLE{Porciani2006,
@ARTICLE{Prevot1984,
@ARTICLE{Pringle1996,
@ARTICLE{Pringle1981,
@ARTICLE{Pringle73,
@ARTICLE{Pringle72,
@ARTICLE{Prochaska2009,
@ARTICLE{Proga2000,
@ARTICLE{Prusti2016,
@ARTICLE{Puccetti2006,
@ARTICLE{Quataert2000,
@ARTICLE{Quataert1999,
@ARTICLE{Quataert1998,
@ARTICLE{Rakic2017,
@ARTICLE{Ratcliffe119998c,
@ARTICLE{Ratcliffe119998d,
@ARTICLE{Rauch119998,
@ARTICLE{Reach2005,
@ARTICLE{Reed2017,
@ARTICLE{Reed2015, 
@ARTICLE{Rees1989,
@ARTICLE{ReesNetzerFerland1989,
@ARTICLE{Rees1984, 
@ARTICLE{Regan2019,
@ARTICLE{Reichard2003,
@ARTICLE{Reid2014, 
@ARTICLE{Reimers2005,
@ARTICLE{Reimers119997,
@ARTICLE{Reyes2008,
@ARTICLE{Reynolds2014,
@ARTICLE{Reynolds_Armitage2001,
@ARTICLE{Ricci2017,
@ARTICLE{Ricci2016,
@ARTICLE{Richards2001,
@ARTICLE{Richards2001_colors,
@ARTICLE{Richards2002,
@ARTICLE{Richards2003,
@ARTICLE{Richards2004,
@ARTICLE{Richards2004lenses,
@ARTICLE{Richards2005,
@ARTICLE{Richards2005cat,
@ARTICLE{Richards2006,
@ARTICLE{Richards2006b,
@ARTICLE{Richards2006lenses,
@ARTICLE{Richards2009b,
@ARTICLE{Richards2009,
@ARTICLE{Richards2011,
@ARTICLE{Richards2014,
@ARTICLE{Richards2015,
@ARTICLE{Richards_Joey2011,
@ARTICLE{Richstone119998,
@ARTICLE{Richstone11199980,
@ARTICLE{Rieke2004,
@ARTICLE{Riess2006,
@ARTICLE{Riess2004,
@ARTICLE{Riess119998,
@ARTICLE{Rigopoulou2006,
@ARTICLE{Risaliti_Lusso2015,
@ARTICLE{Risaliti2009,
@ARTICLE{Robertson2010,
@ARTICLE{Roche1993,
@ARTICLE{Rodighiero2015,
@ARTICLE{Rodighiero2007,
@ARTICLE{Roig2014,
@ARTICLE{Roos2015,
@ARTICLE{Rosas-Guevara2016,
@ARTICLE{Rosas-Guevara2015,
@ARTICLE{Rosas-Guevara2016,
@ARTICLE{Rosario2015, 
@ARTICLE{Rosario2012,
@ARTICLE{Rosario2011,
@ARTICLE{Rosati2002,
@ARTICLE{Roseboom2013,
@ARTICLE{Roseboom2012,
@ARTICLE{Roseboom2006,
@ARTICLE{Ross2018,
@ARTICLE{Ross7,
@ARTICLE{Ross6,
@ARTICLE{Ross2015,
@ARTICLE{Ross2014, 
@ARTICLE{Ross2013,
@ARTICLE{Ross2012b,
@ARTICLE{Ross2012,
@ARTICLE{Ross2011,
@ARTICLE{Ross2010,
@ARTICLE{Ross2009,
@ARTICLE{Ross2008,
@ARTICLE{Ross2007,
@ARTICLE{Ross2007c,
@ARTICLE{Rossthesis,
@ARTICLE{Ross_Ashley2015,
@ARTICLE{Rozo2007,
@ARTICLE{Ruan2019,
@ARTICLE{Ruan2016,
@ARTICLE{Rumbaugh2017,
@ARTICLE{Runco2016,
@ARTICLE{Runnoe2016,
@ARTICLE{Sadler2006,
@ARTICLE{Salpeter64,
@ARTICLE{Salpeter55,
@ARTICLE{Salviander2007,
@ARTICLE{Sandage61,
@ARTICLE{Sanchez2006,
@ARTICLE{Sanders2007,
@ARTICLE{Sanders1989,
@ARTICLE{Sanders1988,
@ARTICLE{Sarajedini2011,
@ARTICLE{Sargent2010,
@ARTICLE{Saunders1992,
@ARTICLE{Sawangwit2007,
@ARTICLE{Sawicki2002,
@ARTICLE{Saxena2018,
@ARTICLE{Sazonov2007,
@ARTICLE{SazonovRevnivtsev2004,
@ARTICLE{Scannapieco2005,
@ARTICLE{Schafer2007,
@ARTICLE{Schade2000,
@ARTICLE{Schawinski2011,
@ARTICLE{Schawinski2008,
@ARTICLE{Schaye2015,
@ARTICLE{Schechter76,
@ARTICLE{Scherrer119998,
@ARTICLE{Schlafly2019,
@ARTICLE{Schlafly_Meisner2018,
@ARTICLE{Schlafly2011,
@ARTICLE{Schlegel2011,
@ARTICLE{Schlegel119998,
@ARTICLE{SFD,
@ARTICLE{Schmidt119995,
@ARTICLE{Schmidt11199983,
@ARTICLE{Schmidt70,
@ARTICLE{Schmidt68,
@ARTICLE{Schmidt63,
@ARTICLE{Schmidt2010,
@ARTICLE{Schneider11199989,
@ARTICLE{Schneider2012,
@ARTICLE{Schneider2010,
@ARTICLE{Schneider2007,
@ARTICLE{Schneider2005,
@ARTICLE{Schneider2003,
@ARTICLE{Schneider2002,
@ARTICLE{Schulze2018,
@ARTICLE{Scoccimarro2004,
@ARTICLE{Scoville2006,
@ARTICLE{Scoville2006HST,
@ARTICLE{Scoville2007,
@ARTICLE{Scoville2007HST,
@ARTICLE{Scranton2005,
@ARTICLE{Scranton2002,
@ARTICLE{Schulz2006,
@ARTICLE{Secrest2015,
@ARTICLE{Seljak2002,
@ARTICLE{Seljak2005,
@ARTICLE{Seo2003,
@ARTICLE{Seo2005,
@ARTICLE{Seo2007,
@ARTICLE{Sesar2011,
@ARTICLE{Sesar2007,
@ARTICLE{Serber2006,
@ARTICLE{Serjeant2010,
@ARTICLE{Shang2011,
@ARTICLE{Shang2005,
@ARTICLE{Shankar2010b,
@ARTICLE{Shankar2010,
@ARTICLE{Shankar2009,
@ARTICLE{Shankar2007,
@ARTICLE{Shanks2015, 
@ARTICLE{Shanks2013, 
@ARTICLE{VST-ATLAS,
@ARTICLE{Shanks1983a,
@ARTICLE{Shanks1983c,
@ARTICLE{Shanks1983b,
@ARTICLE{Shanks1987,
@ARTICLE{Shanks1991,
@ARTICLE{Shanks1994,
@ARTICLE{Shanks2007,
@ARTICLE{Shanks2011,
@ARTICLE{Shapeley2011,
@ARTICLE{Shappee2014,
@ARTICLE{Sharp2001,
@ARTICLE{Sharp2002,
@ARTICLE{Sharp2006,
@ARTICLE{Siana2008,
@ARTICLE{Siana2006,
@ARTICLE{Shemmer2006,
@ARTICLE{Shen2019,
@ARTICLE{Shen_Kelly2012,
@ARTICLE{ShenKelly2012,
@ARTICLE{Shen_Kelly2011,
@ARTICLE{Shen2015,
@ARTICLE{Shen2011,
@ARTICLE{Shen2009b, 
@ARTICLE{Shen2009,
@ARTICLE{Shen20011199982010.420144v1,
@ARTICLE{Shen2008b,
@ARTICLE{Shen2008a,
@ARTICLE{Shen2007,
@ARTICLE{Sheng2017,
@ARTICLE{Sheth1999,
@ARTICLE{Sheth2001,
@ARTICLE{ShethTorman2004,
@ARTICLE{Sheth2005a, 
@ARTICLE{Sheth2005b,
@ARTICLE{Shields1978,
@ARTICLE{Shiokawa2015,
@ARTICLE{Sijacki2015,
@ARTICLE{Sijacki2007,
@ARTICLE{Silk_Rees1998,
@ARTICLE{Silverman2008,
@ARTICLE{Silverman2005b,
@ARTICLE{Silverman2005a,
@ARTICLE{Simcoe2012,
@ARTICLE{Simpson2012,
@ARTICLE{Simpson2006,
@ARTICLE{Simpson2005, 
@ARTICLE{Simpson2000,
@ARTICLE{Simpson1999,
@ARTICLE{Singal2016,
@ARTICLE{Singal2012,
@ARTICLE{Singal2011,
@ARTICLE{Sirko_Goodman2003,
@ARTICLE{Skibba2015,
@ARTICLE{Skibba2014,
@ARTICLE{Skibba2012,
@ARTICLE{Skibba2008,
@ARTICLE{Skibba2006, 
@ARTICLE{Skrutskie2006,
@ARTICLE{Slosar2013,
@ARTICLE{Slosar2011,
@ARTICLE{Slosar2009,
@ARTICLE{Smail119997,
@ARTICLE{Smail2008,
@ARTICLE{Smee2013,
@ARTICLE{Smee2012,
@ARTICLE{Smette2002,
@ARTICLE{Smith2002,
@ARTICLE{Smith2003,
@ARTICLE{Smith2007,
@ARTICLE{Smith2009,
@ARTICLE{Smoot1992,
@ARTICLE{Soifer2008,
@ARTICLE{Soltan11199982,
@ARTICLE{Somerville_Dave2015,
@ARTICLE{SomervilleDave2015,
@ARTICLE{Somerville2008,
@ARTICLE{Somerville2004,
@ARTICLE{Souchay2009,
@ARTICLE{Spergel_Gehrels2015,
@ARTICLE{WFIRST_AFTA2015,
@ARTICLE{Spergel2003,
@ARTICLE{Spergel2006,
@ARTICLE{Spergel2007,
@ARTICLE{Spitler2016,
@ARTICLE{Springel2010,
@ARTICLE{Springel2005,
@ARTICLE{Starlink,
@ARTICLE{Strand2008,
@ARTICLE{Strateva2005,
@ARTICLE{Steffen2006,
@ARTICLE{Steffen2003,
@ARTICLE{Stegmann2019,
@ARTICLE{Steinhardt2014,
@ARTICLE{Steinhardt_Silverman2013,
@ARTICLE{Stern2018, 
@ARTICLE{Stern2012, 
@ARTICLE{Stern2007,
@ARTICLE{Stern2005,
@ARTICLE{Stern2002,
@ARTICLE{Steidel2004,
@ARTICLE{Steidel1999, 
@ARTICLE{Storchi-Bergmann1993,
@ARTICLE{Stoughton2002,
@ARTICLE{Strauss2002,
@ARTICLE{Stubbs2010,
@ARTICLE{Sturm2006,
@ARTICLE{Swanson2008 ,
@ARTICLE{SS73,
@ARTICLE{Swinbank2007,
@ARTICLE{Sulentic2017,
@ARTICLE{Sulentic2007,
@ARTICLE{Sulentic2000,
@ARTICLE{Sulentic2000_ARAA,
@ARTICLE{Sun2018, 
@ARTICLE{Sun2015,
@ARTICLE{SZ70,
@ARTICLE{Sutherland_Dopita1993,
@ARTICLE{Suzuki2006, 
@ARTICLE{Suzuki2005,
@ARTICLE{Symeonidis2016,
@ARTICLE{Syphers2011,
@ARTICLE{Szokoly119998,
@ARTICLE{Takeo2018,
@ARTICLE{Takeuchi2010,
@ARTICLE{Tammour2016,
@ARTICLE{Tang2017,
@ARTICLE{Targett2012,
@ARTICLE{Targett2011,
@ARTICLE{Tchekhovskoy2010,
@ARTICLE{Tegmark119997,
@ARTICLE{Tegmark2004,
@ARTICLE{Tegmark2006,
@ARTICLE{Telfer2002,
@ARTICLE{TepperGarcia2006,
@ARTICLE{Thompson2005,
@ARTICLE{Tielens2008,
@ARTICLE{Timlin2018,
@ARTICLE{Timlin2017,
@ARTICLE{Timlin2016,
@ARTICLE{Tinker2007,
@ARTICLE{Tinker2006,
@ARTICLE{Toba2017,
@ARTICLE{Toba2016,
@ARTICLE{Toba2015,
@ARTICLE{TohlineOsterbrock76,
@ARTICLE{TokunagaVacca2005,
@ARTICLE{Tonry2012,
@ARTICLE{Tozzi2006,
@ARTICLE{Tsai2015,
@ARTICLE{Tsai2014,
@ARTICLE{Trakhtenbrot2010,
@ARTICLE{Tran1992,
@ARTICLE{Trammell2007,
@ARTICLE{Tremaine2002,
@ARTICLE{Treister2011,
@ARTICLE{Treister2009,
@ARTICLE{Treister2006b,
@ARTICLE{Treister2006a,
@ARTICLE{Treister2004,
@ARTICLE{Trump2006,
@ARTICLE{Tucker2006,
@ARTICLE{Tueller2010,
@ARTICLE{Tunklev1997,
@ARTICLE{TytlerFan1992, 
@ARTICLE{Ueda2003, 
@ARTICLE{Ulrich1997,
@ARTICLE{Urrutia2008,
@ARTICLE{Urry_Padovani119995,
@ARTICLE{Urry119995,
@ARTICLE{Vaisanen2000, 
@ARTICLE{Valiante2018, 
@ARTICLE{vanBreugel1999,
@ARTICLE{Vanden_Berk2005,
@ARTICLE{VandenBerk2004,
@ARTICLE{Vanden_Berk2004,
@ARTICLE{VdB2001,
@ARTICLE{VandenBerk2001,
@ARTICLE{Vanden_Berk2001,
@ARTICLE{vanDokkum2008,
@ARTICLE{Vardanyan2014,
@ARTICLE{Veilleux2013,
@ARTICLE{Veilleux1995,
@ARTICLE{Veilleux1987,
@ARTICLE{Veron2006,
@ARTICLE{Venemans2016,
@ARTICLE{Venemans2015b,
@ARTICLE{Venemans2015a,
@ARTICLE{Venemans2013,
@ARTICLE{Venemans2012, 
@ARTICLE{Venemans2007,
@ARTICLE{Verde2002,
@ARTICLE{VestergaardPeterson2006, 
@ARTICLE{Vestergaard2001,
@ARTICLE{Viero2014,
@ARTICLE{Vignali2003,
@ARTICLE{Villforth2014,
@ARTICLE{Virdee2013,
@ARTICLE{Vito2018b,
@ARTICLE{Vito2018a,
@ARTICLE{Vogelsberger2014,
@ARTICLE{Vogelsberger2014Nature,
@ARTICLE{Vogelsberger2013,
@ARTICLE{Voges1999,
@ARTICLE{Volonteri2015,
@ARTICLE{Volonteri2010,
@ARTICLE{Volonteri2006,
@ARTICLE{Volonteri2005,
@ARTICLE{Volonteri2003,
@ARTICLE{Wake2006,
@ARTICLE{Wake2004,
@ARTICLE{WangF2018b,
@ARTICLE{WangF2018a,
@ARTICLE{WangF2017,
@ARTICLE{WangF2016,
@ARTICLE{WangR2016, 
@ARTICLE{WangR2013, 
@ARTICLE{WangR2011b, 
@ARTICLE{WangR2011,
@ARTICLE{WangR2010, 
@ARTICLE{WangR2008, 
@ARTICLE{Wardlow2013,
@ARTICLE{Warren2007DR2,
@ARTICLE{Warren2007DR1,
@ARTICLE{Warren2000,
@ARTICLE{Warren119994,
@ARTICLE{Waters2016,
@ARTICLE{Watson2009,
@ARTICLE{Weedman2012,
@ARTICLE{Weedman2009b,
@ARTICLE{Weedman2009a,
@ARTICLE{Weedman2006c,
@ARTICLE{Weedman2006b,
@ARTICLE{Weedman2006a,
@ARTICLE{Weedman2005,
@ARTICLE{Wei2013,
@ARTICLE{Weinberger2017b,  
@ARTICLE{Weinberger2017,
@ARTICLE{Weingartner2001,
@ARTICLE{Weinstein2004,
@ARTICLE{Weisskopf2002,
@ARTICLE{Wetzel2016, 
@ARTICLE{Werner2004,
@ARTICLE{Werner2006,
@ARTICLE{Weymann1991,
@ARTICLE{WhiteR2003,
@ARTICLE{White2006,
@ARTICLE{White2007,
@ARTICLE{White2008,
@ARTICLE{White2010,
@ARTICLE{White2011,
@ARTICLE{White2012,
@ARTICLE{White2007radio,
@ARTICLE{Wild2005,
@ARTICLE{Wilhite2008,
@ARTICLE{Wilhite2006,
@ARTICLE{Wilhite2005,
@ARTICLE{Wilkes1994, 
@ARTICLE{Wilkes1986,
@ARTICLE{Williams2002,
@ARTICLE{Willott2015,
@ARTICLE{Willott2013b, 
@ARTICLE{Willott2013a, 
@ARTICLE{Willott2010b,
@ARTICLE{Willott2010a,
@ARTICLE{Willott2009,
@ARTICLE{Willott2007,
@ARTICLE{Willott2003, 
@ARTICLE{Willott2000,
@ARTICLE{Wills1993,
@ARTICLE{Winn2003,
@ARTICLE{Winn2002, 
@ARTICLE{Wise2019,
@ARTICLE{Wright2010,
@ARTICLE{WISE, 
@ARTICLE{Wright2006,
@ARTICLE{Wright1994,
@ARTICLE{Wolf2001,
@ARTICLE{Wolf2003,
@ARTICLE{Worseck2011He,
@ARTICLE{Worseck2011,
@ARTICLE{Wu2017,
@ARTICLE{Wu2015, 
@ARTICLE{Wu2014,
@ARTICLE{Wu2013,
@ARTICLE{Wu2012_w1w2drops,
@ARTICLE{Wu2012,
@ARTICLE{Wu2011,
@ARTICLE{Wu2010,
@ARTICLE{Wu2009,
@ARTICLE{Wu2005,
@ARTICLE{Wyithe2006,
@ARTICLE{WyitheLoeb2005a,
@ARTICLE{Wyithe2004,
@ARTICLE{WyitheLoeb2005b,
@ARTICLE{WyitheLoeb2003,
@ARTICLE{WyitheLoeb2002,
@ARTICLE{WyitheLoeb2002lenses,
@ARTICLE{Xue2017,
@ARTICLE{Xue2011,
@ARTICLE{Yahata2005,
@ARTICLE{Yamamoto2006,
@ARTICLE{Yan2013,
@ARTICLE{Yan2012,
@ARTICLE{Yan2007,
@ARTICLE{Yan_Hearty2012,
@ARTICLE{YangG2018,
@ARTICLE{YangJ2018b,
@ARTICLE{YangJ2018a, 
@ARTICLE{YangJ2017, 
@ARTICLE{YangQ2018,
@ARTICLE{YangQ2017,
@ARTICLE{YangY2006,
@ARTICLE{Yeche2010,
@ARTICLE{Yeche2009,
@ARTICLE{Yencho2009,
@ARTICLE{York2000,
@ARTICLE{YuTremaine2002,
@ARTICLE{YuanNarayan2014,
@ARTICLE{Yuan2013,
@ARTICLE{Yun2001,
@ARTICLE{Zakamska2019,
@ARTICLE{Zakamska2016,
@ARTICLE{Zakamska2015,
@ARTICLE{ZakamskaGreene2014,
@ARTICLE{Zakamska_Greene2014,
@ARTICLE{Zakamska2006,
@ARTICLE{Zakamska2005,
@ARTICLE{Zakamska2004,
@ARTICLE{Zakamska2003, 
@ARTICLE{Zehavi2002,
@ARTICLE{Zehavi2004,
@ARTICLE{Zehavi2005a,
@ARTICLE{Zehavi2005b,
@ARTICLE{ZelNov65,
@ARTICLE{Zeimann2011,
@ARTICLE{Zeldovich64,
@ARTICLE{Zheng2004,
@ARTICLE{ZhengSulentic1990, 
@ARTICLE{Zimmerman2005, 
@ARTICLE{Zu2008,
@ARTICLE{Zubovas2012,
